<testsuites id="" name="" tests="3" failures="3" skipped="0" errors="0" time="30.940147">
<testsuite name="example.spec.js" timestamp="2024-03-09T19:05:17.401Z" hostname="chromium" tests="1" failures="1" skipped="0" time="30" errors="0">
<testcase name="get started link" classname="example.spec.js" time="30">
<failure message="example.spec.js:5:1 get started link" type="FAILURE">
<![CDATA[  [chromium] › example.spec.js:5:1 › get started link ──────────────────────────────────────────────

    Test timeout of 30000ms exceeded.

    Error: locator.click: Test timeout of 30000ms exceeded.
    Call log:
      - waiting for getByRole('link', { name: 'Erkek', exact: true })


       7 | await page.getByRole('button', { name: 'Kabul et' }).click();
       8 | await page.getByText('Moda', { exact: true }).click();
    >  9 | await page.getByRole('link', { name: 'Erkek', exact: true }).click();
         |                                                              ^
      10 | await page.getByRole('heading', { name: 'Erkek Giyim Modelleri' }).click();
      11 | });
      12 |

        at /Users/berkayturgut/Desktop/Playwright-POM/tests/example.spec.js:9:62
]]>
</failure>
</testcase>
</testsuite>
<testsuite name="example.spec.js" timestamp="2024-03-09T19:05:17.401Z" hostname="firefox" tests="1" failures="1" skipped="0" time="30" errors="0">
<testcase name="get started link" classname="example.spec.js" time="30">
<failure message="example.spec.js:5:1 get started link" type="FAILURE">
<![CDATA[  [firefox] › example.spec.js:5:1 › get started link ───────────────────────────────────────────────

    Test timeout of 30000ms exceeded.

    Error: locator.click: Test timeout of 30000ms exceeded.
    Call log:
      - waiting for getByRole('link', { name: 'Erkek', exact: true })


       7 | await page.getByRole('button', { name: 'Kabul et' }).click();
       8 | await page.getByText('Moda', { exact: true }).click();
    >  9 | await page.getByRole('link', { name: 'Erkek', exact: true }).click();
         |                                                              ^
      10 | await page.getByRole('heading', { name: 'Erkek Giyim Modelleri' }).click();
      11 | });
      12 |

        at /Users/berkayturgut/Desktop/Playwright-POM/tests/example.spec.js:9:62
]]>
</failure>
</testcase>
</testsuite>
<testsuite name="example.spec.js" timestamp="2024-03-09T19:05:17.401Z" hostname="webkit" tests="1" failures="1" skipped="0" time="30" errors="0">
<testcase name="get started link" classname="example.spec.js" time="30">
<failure message="example.spec.js:5:1 get started link" type="FAILURE">
<![CDATA[  [webkit] › example.spec.js:5:1 › get started link ────────────────────────────────────────────────

    Test timeout of 30000ms exceeded.

    Error: locator.click: Test timeout of 30000ms exceeded.
    Call log:
      - waiting for getByRole('link', { name: 'Erkek', exact: true })


       7 | await page.getByRole('button', { name: 'Kabul et' }).click();
       8 | await page.getByText('Moda', { exact: true }).click();
    >  9 | await page.getByRole('link', { name: 'Erkek', exact: true }).click();
         |                                                              ^
      10 | await page.getByRole('heading', { name: 'Erkek Giyim Modelleri' }).click();
      11 | });
      12 |

        at /Users/berkayturgut/Desktop/Playwright-POM/tests/example.spec.js:9:62
]]>
</failure>
</testcase>
</testsuite>
</testsuites>